<?xml version="1.0" encoding="UTF-8"?>
<testsuite xmlns:xsi="http://www.w3.org/2001/XMLSchema-instance" xsi:noNamespaceSchemaLocation="https://maven.apache.org/surefire/maven-surefire-plugin/xsd/surefire-test-report-3.0.xsd" version="3.0" name="dev.victormoraes.adapters.in.TicketControllerTest" time="9.251" tests="2" errors="0" skipped="0" failures="0">
  <properties>
    <property name="java.specification.version" value="21"/>
    <property name="sun.jnu.encoding" value="UTF-8"/>
    <property name="java.class.path" value="/home/victoralmeida/continuous-learning/repos-v2/parking-lot-app/app/target/test-classes:/home/victoralmeida/continuous-learning/repos-v2/parking-lot-app/app/target/classes:/home/victoralmeida/.m2/repository/org/springframework/boot/spring-boot-starter/3.2.2/spring-boot-starter-3.2.2.jar:/home/victoralmeida/.m2/repository/org/springframework/boot/spring-boot/3.2.2/spring-boot-3.2.2.jar:/home/victoralmeida/.m2/repository/org/springframework/spring-context/6.1.3/spring-context-6.1.3.jar:/home/victoralmeida/.m2/repository/org/springframework/boot/spring-boot-autoconfigure/3.2.2/spring-boot-autoconfigure-3.2.2.jar:/home/victoralmeida/.m2/repository/org/springframework/boot/spring-boot-starter-logging/3.2.2/spring-boot-starter-logging-3.2.2.jar:/home/victoralmeida/.m2/repository/ch/qos/logback/logback-classic/1.4.14/logback-classic-1.4.14.jar:/home/victoralmeida/.m2/repository/ch/qos/logback/logback-core/1.4.14/logback-core-1.4.14.jar:/home/victoralmeida/.m2/repository/org/apache/logging/log4j/log4j-to-slf4j/2.21.1/log4j-to-slf4j-2.21.1.jar:/home/victoralmeida/.m2/repository/org/apache/logging/log4j/log4j-api/2.21.1/log4j-api-2.21.1.jar:/home/victoralmeida/.m2/repository/org/slf4j/jul-to-slf4j/2.0.11/jul-to-slf4j-2.0.11.jar:/home/victoralmeida/.m2/repository/jakarta/annotation/jakarta.annotation-api/2.1.1/jakarta.annotation-api-2.1.1.jar:/home/victoralmeida/.m2/repository/org/springframework/spring-core/6.1.3/spring-core-6.1.3.jar:/home/victoralmeida/.m2/repository/org/springframework/spring-jcl/6.1.3/spring-jcl-6.1.3.jar:/home/victoralmeida/.m2/repository/org/yaml/snakeyaml/2.2/snakeyaml-2.2.jar:/home/victoralmeida/.m2/repository/org/springframework/boot/spring-boot-starter-web/3.2.2/spring-boot-starter-web-3.2.2.jar:/home/victoralmeida/.m2/repository/org/springframework/boot/spring-boot-starter-json/3.2.2/spring-boot-starter-json-3.2.2.jar:/home/victoralmeida/.m2/repository/com/fasterxml/jackson/core/jackson-databind/2.15.3/jackson-databind-2.15.3.jar:/home/victoralmeida/.m2/repository/com/fasterxml/jackson/core/jackson-annotations/2.15.3/jackson-annotations-2.15.3.jar:/home/victoralmeida/.m2/repository/com/fasterxml/jackson/core/jackson-core/2.15.3/jackson-core-2.15.3.jar:/home/victoralmeida/.m2/repository/com/fasterxml/jackson/datatype/jackson-datatype-jdk8/2.15.3/jackson-datatype-jdk8-2.15.3.jar:/home/victoralmeida/.m2/repository/com/fasterxml/jackson/datatype/jackson-datatype-jsr310/2.15.3/jackson-datatype-jsr310-2.15.3.jar:/home/victoralmeida/.m2/repository/com/fasterxml/jackson/module/jackson-module-parameter-names/2.15.3/jackson-module-parameter-names-2.15.3.jar:/home/victoralmeida/.m2/repository/org/springframework/boot/spring-boot-starter-tomcat/3.2.2/spring-boot-starter-tomcat-3.2.2.jar:/home/victoralmeida/.m2/repository/org/apache/tomcat/embed/tomcat-embed-core/10.1.18/tomcat-embed-core-10.1.18.jar:/home/victoralmeida/.m2/repository/org/apache/tomcat/embed/tomcat-embed-el/10.1.18/tomcat-embed-el-10.1.18.jar:/home/victoralmeida/.m2/repository/org/apache/tomcat/embed/tomcat-embed-websocket/10.1.18/tomcat-embed-websocket-10.1.18.jar:/home/victoralmeida/.m2/repository/org/springframework/spring-web/6.1.3/spring-web-6.1.3.jar:/home/victoralmeida/.m2/repository/org/springframework/spring-beans/6.1.3/spring-beans-6.1.3.jar:/home/victoralmeida/.m2/repository/io/micrometer/micrometer-observation/1.12.2/micrometer-observation-1.12.2.jar:/home/victoralmeida/.m2/repository/io/micrometer/micrometer-commons/1.12.2/micrometer-commons-1.12.2.jar:/home/victoralmeida/.m2/repository/org/springframework/spring-webmvc/6.1.3/spring-webmvc-6.1.3.jar:/home/victoralmeida/.m2/repository/org/springframework/spring-aop/6.1.3/spring-aop-6.1.3.jar:/home/victoralmeida/.m2/repository/org/springframework/spring-expression/6.1.3/spring-expression-6.1.3.jar:/home/victoralmeida/.m2/repository/org/springframework/boot/spring-boot-starter-test/3.2.2/spring-boot-starter-test-3.2.2.jar:/home/victoralmeida/.m2/repository/org/springframework/boot/spring-boot-test/3.2.2/spring-boot-test-3.2.2.jar:/home/victoralmeida/.m2/repository/org/springframework/boot/spring-boot-test-autoconfigure/3.2.2/spring-boot-test-autoconfigure-3.2.2.jar:/home/victoralmeida/.m2/repository/jakarta/xml/bind/jakarta.xml.bind-api/4.0.1/jakarta.xml.bind-api-4.0.1.jar:/home/victoralmeida/.m2/repository/jakarta/activation/jakarta.activation-api/2.1.2/jakarta.activation-api-2.1.2.jar:/home/victoralmeida/.m2/repository/net/minidev/json-smart/2.5.0/json-smart-2.5.0.jar:/home/victoralmeida/.m2/repository/net/minidev/accessors-smart/2.5.0/accessors-smart-2.5.0.jar:/home/victoralmeida/.m2/repository/org/ow2/asm/asm/9.3/asm-9.3.jar:/home/victoralmeida/.m2/repository/org/assertj/assertj-core/3.24.2/assertj-core-3.24.2.jar:/home/victoralmeida/.m2/repository/net/bytebuddy/byte-buddy/1.14.11/byte-buddy-1.14.11.jar:/home/victoralmeida/.m2/repository/org/awaitility/awaitility/4.2.0/awaitility-4.2.0.jar:/home/victoralmeida/.m2/repository/org/hamcrest/hamcrest/2.2/hamcrest-2.2.jar:/home/victoralmeida/.m2/repository/org/junit/jupiter/junit-jupiter/5.10.1/junit-jupiter-5.10.1.jar:/home/victoralmeida/.m2/repository/org/junit/jupiter/junit-jupiter-params/5.10.1/junit-jupiter-params-5.10.1.jar:/home/victoralmeida/.m2/repository/org/mockito/mockito-core/5.7.0/mockito-core-5.7.0.jar:/home/victoralmeida/.m2/repository/net/bytebuddy/byte-buddy-agent/1.14.11/byte-buddy-agent-1.14.11.jar:/home/victoralmeida/.m2/repository/org/objenesis/objenesis/3.3/objenesis-3.3.jar:/home/victoralmeida/.m2/repository/org/skyscreamer/jsonassert/1.5.1/jsonassert-1.5.1.jar:/home/victoralmeida/.m2/repository/com/vaadin/external/google/android-json/0.0.20131108.vaadin1/android-json-0.0.20131108.vaadin1.jar:/home/victoralmeida/.m2/repository/org/springframework/spring-test/6.1.3/spring-test-6.1.3.jar:/home/victoralmeida/.m2/repository/org/xmlunit/xmlunit-core/2.9.1/xmlunit-core-2.9.1.jar:/home/victoralmeida/.m2/repository/com/jayway/jsonpath/json-path/2.9.0/json-path-2.9.0.jar:/home/victoralmeida/.m2/repository/org/slf4j/slf4j-api/2.0.11/slf4j-api-2.0.11.jar:/home/victoralmeida/.m2/repository/org/springframework/boot/spring-boot-starter-data-jpa/3.2.2/spring-boot-starter-data-jpa-3.2.2.jar:/home/victoralmeida/.m2/repository/org/springframework/boot/spring-boot-starter-aop/3.2.2/spring-boot-starter-aop-3.2.2.jar:/home/victoralmeida/.m2/repository/org/aspectj/aspectjweaver/1.9.21/aspectjweaver-1.9.21.jar:/home/victoralmeida/.m2/repository/org/springframework/boot/spring-boot-starter-jdbc/3.2.2/spring-boot-starter-jdbc-3.2.2.jar:/home/victoralmeida/.m2/repository/com/zaxxer/HikariCP/5.0.1/HikariCP-5.0.1.jar:/home/victoralmeida/.m2/repository/org/springframework/spring-jdbc/6.1.3/spring-jdbc-6.1.3.jar:/home/victoralmeida/.m2/repository/org/hibernate/orm/hibernate-core/6.4.1.Final/hibernate-core-6.4.1.Final.jar:/home/victoralmeida/.m2/repository/jakarta/persistence/jakarta.persistence-api/3.1.0/jakarta.persistence-api-3.1.0.jar:/home/victoralmeida/.m2/repository/jakarta/transaction/jakarta.transaction-api/2.0.1/jakarta.transaction-api-2.0.1.jar:/home/victoralmeida/.m2/repository/org/jboss/logging/jboss-logging/3.5.3.Final/jboss-logging-3.5.3.Final.jar:/home/victoralmeida/.m2/repository/org/hibernate/common/hibernate-commons-annotations/6.0.6.Final/hibernate-commons-annotations-6.0.6.Final.jar:/home/victoralmeida/.m2/repository/io/smallrye/jandex/3.1.2/jandex-3.1.2.jar:/home/victoralmeida/.m2/repository/com/fasterxml/classmate/1.6.0/classmate-1.6.0.jar:/home/victoralmeida/.m2/repository/org/glassfish/jaxb/jaxb-runtime/4.0.4/jaxb-runtime-4.0.4.jar:/home/victoralmeida/.m2/repository/org/glassfish/jaxb/jaxb-core/4.0.4/jaxb-core-4.0.4.jar:/home/victoralmeida/.m2/repository/org/eclipse/angus/angus-activation/2.0.1/angus-activation-2.0.1.jar:/home/victoralmeida/.m2/repository/org/glassfish/jaxb/txw2/4.0.4/txw2-4.0.4.jar:/home/victoralmeida/.m2/repository/com/sun/istack/istack-commons-runtime/4.1.2/istack-commons-runtime-4.1.2.jar:/home/victoralmeida/.m2/repository/jakarta/inject/jakarta.inject-api/2.0.1/jakarta.inject-api-2.0.1.jar:/home/victoralmeida/.m2/repository/org/antlr/antlr4-runtime/4.13.0/antlr4-runtime-4.13.0.jar:/home/victoralmeida/.m2/repository/org/springframework/data/spring-data-jpa/3.2.2/spring-data-jpa-3.2.2.jar:/home/victoralmeida/.m2/repository/org/springframework/data/spring-data-commons/3.2.2/spring-data-commons-3.2.2.jar:/home/victoralmeida/.m2/repository/org/springframework/spring-orm/6.1.3/spring-orm-6.1.3.jar:/home/victoralmeida/.m2/repository/org/springframework/spring-tx/6.1.3/spring-tx-6.1.3.jar:/home/victoralmeida/.m2/repository/org/springframework/spring-aspects/6.1.3/spring-aspects-6.1.3.jar:/home/victoralmeida/.m2/repository/org/junit/jupiter/junit-jupiter-engine/5.10.2/junit-jupiter-engine-5.10.2.jar:/home/victoralmeida/.m2/repository/org/junit/platform/junit-platform-engine/1.10.1/junit-platform-engine-1.10.1.jar:/home/victoralmeida/.m2/repository/org/opentest4j/opentest4j/1.3.0/opentest4j-1.3.0.jar:/home/victoralmeida/.m2/repository/org/junit/platform/junit-platform-commons/1.10.1/junit-platform-commons-1.10.1.jar:/home/victoralmeida/.m2/repository/org/junit/jupiter/junit-jupiter-api/5.10.1/junit-jupiter-api-5.10.1.jar:/home/victoralmeida/.m2/repository/org/apiguardian/apiguardian-api/1.1.2/apiguardian-api-1.1.2.jar:/home/victoralmeida/.m2/repository/org/mockito/mockito-junit-jupiter/5.10.0/mockito-junit-jupiter-5.10.0.jar:/home/victoralmeida/.m2/repository/com/h2database/h2/2.2.224/h2-2.2.224.jar:"/>
    <property name="java.vm.vendor" value="Amazon.com Inc."/>
    <property name="sun.arch.data.model" value="64"/>
    <property name="java.vendor.url" value="https://aws.amazon.com/corretto/"/>
    <property name="user.timezone" value="America/Sao_Paulo"/>
    <property name="org.jboss.logging.provider" value="slf4j"/>
    <property name="os.name" value="Linux"/>
    <property name="java.vm.specification.version" value="21"/>
    <property name="sun.java.launcher" value="SUN_STANDARD"/>
    <property name="user.country" value="BR"/>
    <property name="sun.boot.library.path" value="/home/victoralmeida/.sdkman/candidates/java/21.0.2-amzn/lib"/>
    <property name="sun.java.command" value="/home/victoralmeida/continuous-learning/repos-v2/parking-lot-app/app/target/surefire/surefirebooter-20240229122543235_3.jar /home/victoralmeida/continuous-learning/repos-v2/parking-lot-app/app/target/surefire 2024-02-29T12-25-43_143-jvmRun1 surefire-20240229122543235_1tmp surefire_0-20240229122543235_2tmp"/>
    <property name="jdk.debug" value="release"/>
    <property name="surefire.test.class.path" value="/home/victoralmeida/continuous-learning/repos-v2/parking-lot-app/app/target/test-classes:/home/victoralmeida/continuous-learning/repos-v2/parking-lot-app/app/target/classes:/home/victoralmeida/.m2/repository/org/springframework/boot/spring-boot-starter/3.2.2/spring-boot-starter-3.2.2.jar:/home/victoralmeida/.m2/repository/org/springframework/boot/spring-boot/3.2.2/spring-boot-3.2.2.jar:/home/victoralmeida/.m2/repository/org/springframework/spring-context/6.1.3/spring-context-6.1.3.jar:/home/victoralmeida/.m2/repository/org/springframework/boot/spring-boot-autoconfigure/3.2.2/spring-boot-autoconfigure-3.2.2.jar:/home/victoralmeida/.m2/repository/org/springframework/boot/spring-boot-starter-logging/3.2.2/spring-boot-starter-logging-3.2.2.jar:/home/victoralmeida/.m2/repository/ch/qos/logback/logback-classic/1.4.14/logback-classic-1.4.14.jar:/home/victoralmeida/.m2/repository/ch/qos/logback/logback-core/1.4.14/logback-core-1.4.14.jar:/home/victoralmeida/.m2/repository/org/apache/logging/log4j/log4j-to-slf4j/2.21.1/log4j-to-slf4j-2.21.1.jar:/home/victoralmeida/.m2/repository/org/apache/logging/log4j/log4j-api/2.21.1/log4j-api-2.21.1.jar:/home/victoralmeida/.m2/repository/org/slf4j/jul-to-slf4j/2.0.11/jul-to-slf4j-2.0.11.jar:/home/victoralmeida/.m2/repository/jakarta/annotation/jakarta.annotation-api/2.1.1/jakarta.annotation-api-2.1.1.jar:/home/victoralmeida/.m2/repository/org/springframework/spring-core/6.1.3/spring-core-6.1.3.jar:/home/victoralmeida/.m2/repository/org/springframework/spring-jcl/6.1.3/spring-jcl-6.1.3.jar:/home/victoralmeida/.m2/repository/org/yaml/snakeyaml/2.2/snakeyaml-2.2.jar:/home/victoralmeida/.m2/repository/org/springframework/boot/spring-boot-starter-web/3.2.2/spring-boot-starter-web-3.2.2.jar:/home/victoralmeida/.m2/repository/org/springframework/boot/spring-boot-starter-json/3.2.2/spring-boot-starter-json-3.2.2.jar:/home/victoralmeida/.m2/repository/com/fasterxml/jackson/core/jackson-databind/2.15.3/jackson-databind-2.15.3.jar:/home/victoralmeida/.m2/repository/com/fasterxml/jackson/core/jackson-annotations/2.15.3/jackson-annotations-2.15.3.jar:/home/victoralmeida/.m2/repository/com/fasterxml/jackson/core/jackson-core/2.15.3/jackson-core-2.15.3.jar:/home/victoralmeida/.m2/repository/com/fasterxml/jackson/datatype/jackson-datatype-jdk8/2.15.3/jackson-datatype-jdk8-2.15.3.jar:/home/victoralmeida/.m2/repository/com/fasterxml/jackson/datatype/jackson-datatype-jsr310/2.15.3/jackson-datatype-jsr310-2.15.3.jar:/home/victoralmeida/.m2/repository/com/fasterxml/jackson/module/jackson-module-parameter-names/2.15.3/jackson-module-parameter-names-2.15.3.jar:/home/victoralmeida/.m2/repository/org/springframework/boot/spring-boot-starter-tomcat/3.2.2/spring-boot-starter-tomcat-3.2.2.jar:/home/victoralmeida/.m2/repository/org/apache/tomcat/embed/tomcat-embed-core/10.1.18/tomcat-embed-core-10.1.18.jar:/home/victoralmeida/.m2/repository/org/apache/tomcat/embed/tomcat-embed-el/10.1.18/tomcat-embed-el-10.1.18.jar:/home/victoralmeida/.m2/repository/org/apache/tomcat/embed/tomcat-embed-websocket/10.1.18/tomcat-embed-websocket-10.1.18.jar:/home/victoralmeida/.m2/repository/org/springframework/spring-web/6.1.3/spring-web-6.1.3.jar:/home/victoralmeida/.m2/repository/org/springframework/spring-beans/6.1.3/spring-beans-6.1.3.jar:/home/victoralmeida/.m2/repository/io/micrometer/micrometer-observation/1.12.2/micrometer-observation-1.12.2.jar:/home/victoralmeida/.m2/repository/io/micrometer/micrometer-commons/1.12.2/micrometer-commons-1.12.2.jar:/home/victoralmeida/.m2/repository/org/springframework/spring-webmvc/6.1.3/spring-webmvc-6.1.3.jar:/home/victoralmeida/.m2/repository/org/springframework/spring-aop/6.1.3/spring-aop-6.1.3.jar:/home/victoralmeida/.m2/repository/org/springframework/spring-expression/6.1.3/spring-expression-6.1.3.jar:/home/victoralmeida/.m2/repository/org/springframework/boot/spring-boot-starter-test/3.2.2/spring-boot-starter-test-3.2.2.jar:/home/victoralmeida/.m2/repository/org/springframework/boot/spring-boot-test/3.2.2/spring-boot-test-3.2.2.jar:/home/victoralmeida/.m2/repository/org/springframework/boot/spring-boot-test-autoconfigure/3.2.2/spring-boot-test-autoconfigure-3.2.2.jar:/home/victoralmeida/.m2/repository/jakarta/xml/bind/jakarta.xml.bind-api/4.0.1/jakarta.xml.bind-api-4.0.1.jar:/home/victoralmeida/.m2/repository/jakarta/activation/jakarta.activation-api/2.1.2/jakarta.activation-api-2.1.2.jar:/home/victoralmeida/.m2/repository/net/minidev/json-smart/2.5.0/json-smart-2.5.0.jar:/home/victoralmeida/.m2/repository/net/minidev/accessors-smart/2.5.0/accessors-smart-2.5.0.jar:/home/victoralmeida/.m2/repository/org/ow2/asm/asm/9.3/asm-9.3.jar:/home/victoralmeida/.m2/repository/org/assertj/assertj-core/3.24.2/assertj-core-3.24.2.jar:/home/victoralmeida/.m2/repository/net/bytebuddy/byte-buddy/1.14.11/byte-buddy-1.14.11.jar:/home/victoralmeida/.m2/repository/org/awaitility/awaitility/4.2.0/awaitility-4.2.0.jar:/home/victoralmeida/.m2/repository/org/hamcrest/hamcrest/2.2/hamcrest-2.2.jar:/home/victoralmeida/.m2/repository/org/junit/jupiter/junit-jupiter/5.10.1/junit-jupiter-5.10.1.jar:/home/victoralmeida/.m2/repository/org/junit/jupiter/junit-jupiter-params/5.10.1/junit-jupiter-params-5.10.1.jar:/home/victoralmeida/.m2/repository/org/mockito/mockito-core/5.7.0/mockito-core-5.7.0.jar:/home/victoralmeida/.m2/repository/net/bytebuddy/byte-buddy-agent/1.14.11/byte-buddy-agent-1.14.11.jar:/home/victoralmeida/.m2/repository/org/objenesis/objenesis/3.3/objenesis-3.3.jar:/home/victoralmeida/.m2/repository/org/skyscreamer/jsonassert/1.5.1/jsonassert-1.5.1.jar:/home/victoralmeida/.m2/repository/com/vaadin/external/google/android-json/0.0.20131108.vaadin1/android-json-0.0.20131108.vaadin1.jar:/home/victoralmeida/.m2/repository/org/springframework/spring-test/6.1.3/spring-test-6.1.3.jar:/home/victoralmeida/.m2/repository/org/xmlunit/xmlunit-core/2.9.1/xmlunit-core-2.9.1.jar:/home/victoralmeida/.m2/repository/com/jayway/jsonpath/json-path/2.9.0/json-path-2.9.0.jar:/home/victoralmeida/.m2/repository/org/slf4j/slf4j-api/2.0.11/slf4j-api-2.0.11.jar:/home/victoralmeida/.m2/repository/org/springframework/boot/spring-boot-starter-data-jpa/3.2.2/spring-boot-starter-data-jpa-3.2.2.jar:/home/victoralmeida/.m2/repository/org/springframework/boot/spring-boot-starter-aop/3.2.2/spring-boot-starter-aop-3.2.2.jar:/home/victoralmeida/.m2/repository/org/aspectj/aspectjweaver/1.9.21/aspectjweaver-1.9.21.jar:/home/victoralmeida/.m2/repository/org/springframework/boot/spring-boot-starter-jdbc/3.2.2/spring-boot-starter-jdbc-3.2.2.jar:/home/victoralmeida/.m2/repository/com/zaxxer/HikariCP/5.0.1/HikariCP-5.0.1.jar:/home/victoralmeida/.m2/repository/org/springframework/spring-jdbc/6.1.3/spring-jdbc-6.1.3.jar:/home/victoralmeida/.m2/repository/org/hibernate/orm/hibernate-core/6.4.1.Final/hibernate-core-6.4.1.Final.jar:/home/victoralmeida/.m2/repository/jakarta/persistence/jakarta.persistence-api/3.1.0/jakarta.persistence-api-3.1.0.jar:/home/victoralmeida/.m2/repository/jakarta/transaction/jakarta.transaction-api/2.0.1/jakarta.transaction-api-2.0.1.jar:/home/victoralmeida/.m2/repository/org/jboss/logging/jboss-logging/3.5.3.Final/jboss-logging-3.5.3.Final.jar:/home/victoralmeida/.m2/repository/org/hibernate/common/hibernate-commons-annotations/6.0.6.Final/hibernate-commons-annotations-6.0.6.Final.jar:/home/victoralmeida/.m2/repository/io/smallrye/jandex/3.1.2/jandex-3.1.2.jar:/home/victoralmeida/.m2/repository/com/fasterxml/classmate/1.6.0/classmate-1.6.0.jar:/home/victoralmeida/.m2/repository/org/glassfish/jaxb/jaxb-runtime/4.0.4/jaxb-runtime-4.0.4.jar:/home/victoralmeida/.m2/repository/org/glassfish/jaxb/jaxb-core/4.0.4/jaxb-core-4.0.4.jar:/home/victoralmeida/.m2/repository/org/eclipse/angus/angus-activation/2.0.1/angus-activation-2.0.1.jar:/home/victoralmeida/.m2/repository/org/glassfish/jaxb/txw2/4.0.4/txw2-4.0.4.jar:/home/victoralmeida/.m2/repository/com/sun/istack/istack-commons-runtime/4.1.2/istack-commons-runtime-4.1.2.jar:/home/victoralmeida/.m2/repository/jakarta/inject/jakarta.inject-api/2.0.1/jakarta.inject-api-2.0.1.jar:/home/victoralmeida/.m2/repository/org/antlr/antlr4-runtime/4.13.0/antlr4-runtime-4.13.0.jar:/home/victoralmeida/.m2/repository/org/springframework/data/spring-data-jpa/3.2.2/spring-data-jpa-3.2.2.jar:/home/victoralmeida/.m2/repository/org/springframework/data/spring-data-commons/3.2.2/spring-data-commons-3.2.2.jar:/home/victoralmeida/.m2/repository/org/springframework/spring-orm/6.1.3/spring-orm-6.1.3.jar:/home/victoralmeida/.m2/repository/org/springframework/spring-tx/6.1.3/spring-tx-6.1.3.jar:/home/victoralmeida/.m2/repository/org/springframework/spring-aspects/6.1.3/spring-aspects-6.1.3.jar:/home/victoralmeida/.m2/repository/org/junit/jupiter/junit-jupiter-engine/5.10.2/junit-jupiter-engine-5.10.2.jar:/home/victoralmeida/.m2/repository/org/junit/platform/junit-platform-engine/1.10.1/junit-platform-engine-1.10.1.jar:/home/victoralmeida/.m2/repository/org/opentest4j/opentest4j/1.3.0/opentest4j-1.3.0.jar:/home/victoralmeida/.m2/repository/org/junit/platform/junit-platform-commons/1.10.1/junit-platform-commons-1.10.1.jar:/home/victoralmeida/.m2/repository/org/junit/jupiter/junit-jupiter-api/5.10.1/junit-jupiter-api-5.10.1.jar:/home/victoralmeida/.m2/repository/org/apiguardian/apiguardian-api/1.1.2/apiguardian-api-1.1.2.jar:/home/victoralmeida/.m2/repository/org/mockito/mockito-junit-jupiter/5.10.0/mockito-junit-jupiter-5.10.0.jar:/home/victoralmeida/.m2/repository/com/h2database/h2/2.2.224/h2-2.2.224.jar:"/>
    <property name="sun.cpu.endian" value="little"/>
    <property name="user.home" value="/home/victoralmeida"/>
    <property name="user.language" value="pt"/>
    <property name="java.specification.vendor" value="Oracle Corporation"/>
    <property name="java.version.date" value="2024-01-16"/>
    <property name="java.home" value="/home/victoralmeida/.sdkman/candidates/java/21.0.2-amzn"/>
    <property name="file.separator" value="/"/>
    <property name="basedir" value="/home/victoralmeida/continuous-learning/repos-v2/parking-lot-app/app"/>
    <property name="java.vm.compressedOopsMode" value="Zero based"/>
    <property name="line.separator" value="&#10;"/>
    <property name="java.specification.name" value="Java Platform API Specification"/>
    <property name="java.vm.specification.vendor" value="Oracle Corporation"/>
    <property name="FILE_LOG_CHARSET" value="UTF-8"/>
    <property name="java.awt.headless" value="true"/>
    <property name="surefire.real.class.path" value="/home/victoralmeida/continuous-learning/repos-v2/parking-lot-app/app/target/surefire/surefirebooter-20240229122543235_3.jar"/>
    <property name="sun.management.compiler" value="HotSpot 64-Bit Tiered Compilers"/>
    <property name="java.runtime.version" value="21.0.2+13-LTS"/>
    <property name="user.name" value="victoralmeida"/>
    <property name="stdout.encoding" value="UTF-8"/>
    <property name="path.separator" value=":"/>
    <property name="os.version" value="6.5.0-21-generic"/>
    <property name="java.runtime.name" value="OpenJDK Runtime Environment"/>
    <property name="file.encoding" value="UTF-8"/>
    <property name="java.vm.name" value="OpenJDK 64-Bit Server VM"/>
    <property name="java.vendor.version" value="Corretto-21.0.2.13.1"/>
    <property name="localRepository" value="/home/victoralmeida/.m2/repository"/>
    <property name="java.vendor.url.bug" value="https://github.com/corretto/corretto-21/issues/"/>
    <property name="java.io.tmpdir" value="/tmp"/>
    <property name="com.zaxxer.hikari.pool_number" value="1"/>
    <property name="java.version" value="21.0.2"/>
    <property name="user.dir" value="/home/victoralmeida/continuous-learning/repos-v2/parking-lot-app/app"/>
    <property name="os.arch" value="amd64"/>
    <property name="java.vm.specification.name" value="Java Virtual Machine Specification"/>
    <property name="PID" value="597214"/>
    <property name="CONSOLE_LOG_CHARSET" value="UTF-8"/>
    <property name="native.encoding" value="UTF-8"/>
    <property name="java.library.path" value="/usr/java/packages/lib:/usr/lib64:/lib64:/lib:/usr/lib"/>
    <property name="java.vm.info" value="mixed mode, sharing"/>
    <property name="stderr.encoding" value="UTF-8"/>
    <property name="java.vendor" value="Amazon.com Inc."/>
    <property name="java.vm.version" value="21.0.2+13-LTS"/>
    <property name="sun.io.unicode.encoding" value="UnicodeLittle"/>
    <property name="java.class.version" value="65.0"/>
    <property name="LOGGED_APPLICATION_NAME" value="[parking-lot-app] "/>
  </properties>
  <testcase name="givenThereIsNoSpotAvailableShouldReturn422StatusCode" classname="dev.victormoraes.adapters.in.TicketControllerTest" time="0.405">
    <system-out><![CDATA[12:25:46.552 [main] INFO org.springframework.test.context.support.AnnotationConfigContextLoaderUtils -- Could not detect default configuration classes for test class [dev.victormoraes.adapters.in.TicketControllerTest]: TicketControllerTest does not declare any static, non-private, non-final, nested classes annotated with @Configuration.
12:25:46.812 [main] INFO org.springframework.boot.test.context.SpringBootTestContextBootstrapper -- Found @SpringBootConfiguration dev.victormoraes.ParkingLotApp for test class dev.victormoraes.adapters.in.TicketControllerTest

  .   ____          _            __ _ _
 /\\ / ___'_ __ _ _(_)_ __  __ _ \ \ \ \
( ( )\___ | '_ | '_| | '_ \/ _` | \ \ \ \
 \\/  ___)| |_)| | | | | || (_| |  ) ) ) )
  '  |____| .__|_| |_|_| |_\__, | / / / /
 =========|_|==============|___/=/_/_/_/
 :: Spring Boot ::                (v3.2.2)

2024-02-29T12:25:47.750-03:00  INFO 597214 --- [parking-lot-app] [           main] d.v.adapters.in.TicketControllerTest     : Starting TicketControllerTest using Java 21.0.2 with PID 597214 (started by victoralmeida in /home/victoralmeida/continuous-learning/repos-v2/parking-lot-app/app)
2024-02-29T12:25:47.752-03:00  INFO 597214 --- [parking-lot-app] [           main] d.v.adapters.in.TicketControllerTest     : No active profile set, falling back to 1 default profile: "default"
2024-02-29T12:25:49.067-03:00  INFO 597214 --- [parking-lot-app] [           main] .s.d.r.c.RepositoryConfigurationDelegate : Bootstrapping Spring Data JPA repositories in DEFAULT mode.
2024-02-29T12:25:49.196-03:00  INFO 597214 --- [parking-lot-app] [           main] .s.d.r.c.RepositoryConfigurationDelegate : Finished Spring Data repository scanning in 110 ms. Found 4 JPA repository interfaces.
2024-02-29T12:25:50.034-03:00  INFO 597214 --- [parking-lot-app] [           main] o.hibernate.jpa.internal.util.LogHelper  : HHH000204: Processing PersistenceUnitInfo [name: default]
2024-02-29T12:25:50.153-03:00  INFO 597214 --- [parking-lot-app] [           main] org.hibernate.Version                    : HHH000412: Hibernate ORM core version 6.4.1.Final
2024-02-29T12:25:50.222-03:00  INFO 597214 --- [parking-lot-app] [           main] o.h.c.internal.RegionFactoryInitiator    : HHH000026: Second-level cache disabled
2024-02-29T12:25:50.447-03:00  INFO 597214 --- [parking-lot-app] [           main] o.s.o.j.p.SpringPersistenceUnitInfo      : No LoadTimeWeaver setup: ignoring JPA class transformer
2024-02-29T12:25:50.503-03:00  INFO 597214 --- [parking-lot-app] [           main] com.zaxxer.hikari.HikariDataSource       : HikariPool-1 - Starting...
2024-02-29T12:25:51.264-03:00  INFO 597214 --- [parking-lot-app] [           main] com.zaxxer.hikari.pool.HikariPool        : HikariPool-1 - Added connection conn0: url=jdbc:h2:~/data/parking-lot-db user=SA
2024-02-29T12:25:51.268-03:00  INFO 597214 --- [parking-lot-app] [           main] com.zaxxer.hikari.HikariDataSource       : HikariPool-1 - Start completed.
2024-02-29T12:25:51.331-03:00  WARN 597214 --- [parking-lot-app] [           main] org.hibernate.orm.deprecation            : HHH90000025: H2Dialect does not need to be specified explicitly using 'hibernate.dialect' (remove the property setting and it will be selected by default)
2024-02-29T12:25:52.402-03:00  INFO 597214 --- [parking-lot-app] [           main] o.h.m.i.EntityInstantiatorPojoStandard   : HHH000182: No default (no-argument) constructor for class: dev.victormoraes.adapters.out.persistence.entities.UserEntity$OperatorEntity (class must be instantiated by Interceptor)
2024-02-29T12:25:52.476-03:00  INFO 597214 --- [parking-lot-app] [           main] o.h.m.i.EntityInstantiatorPojoStandard   : HHH000182: No default (no-argument) constructor for class: dev.victormoraes.adapters.out.persistence.entities.UserEntity$AdminEntity (class must be instantiated by Interceptor)
2024-02-29T12:25:52.540-03:00  INFO 597214 --- [parking-lot-app] [           main] o.h.m.i.EntityInstantiatorPojoStandard   : HHH000182: No default (no-argument) constructor for class: dev.victormoraes.adapters.out.persistence.entities.UserEntity$CustomerEntity (class must be instantiated by Interceptor)
2024-02-29T12:25:52.894-03:00  INFO 597214 --- [parking-lot-app] [           main] o.h.e.t.j.p.i.JtaPlatformInitiator       : HHH000489: No JTA platform available (set 'hibernate.transaction.jta.platform' to enable JTA platform integration)
2024-02-29T12:25:52.968-03:00  INFO 597214 --- [parking-lot-app] [           main] j.LocalContainerEntityManagerFactoryBean : Initialized JPA EntityManagerFactory for persistence unit 'default'
2024-02-29T12:25:53.335-03:00  INFO 597214 --- [parking-lot-app] [           main] o.s.d.j.r.query.QueryEnhancerFactory     : Hibernate is in classpath; If applicable, HQL parser will be used.
2024-02-29T12:25:54.335-03:00  WARN 597214 --- [parking-lot-app] [           main] JpaBaseConfiguration$JpaWebConfiguration : spring.jpa.open-in-view is enabled by default. Therefore, database queries may be performed during view rendering. Explicitly configure spring.jpa.open-in-view to disable this warning
2024-02-29T12:25:54.784-03:00  INFO 597214 --- [parking-lot-app] [           main] o.s.b.a.h2.H2ConsoleAutoConfiguration    : H2 console available at '/h2-console'. Database available at 'jdbc:h2:~/data/parking-lot-db'
2024-02-29T12:25:54.861-03:00  INFO 597214 --- [parking-lot-app] [           main] o.s.b.t.m.w.SpringBootMockServletContext : Initializing Spring TestDispatcherServlet ''
2024-02-29T12:25:54.861-03:00  INFO 597214 --- [parking-lot-app] [           main] o.s.t.web.servlet.TestDispatcherServlet  : Initializing Servlet ''
2024-02-29T12:25:54.863-03:00  INFO 597214 --- [parking-lot-app] [           main] o.s.t.web.servlet.TestDispatcherServlet  : Completed initialization in 1 ms
2024-02-29T12:25:54.893-03:00  INFO 597214 --- [parking-lot-app] [           main] d.v.adapters.in.TicketControllerTest     : Started TicketControllerTest in 7.795 seconds (process running for 11.59)
2024-02-29T12:25:55.231-03:00 DEBUG 597214 --- [parking-lot-app] [           main] org.hibernate.SQL                        : 
    select
        distinct se1_0.spot_id,
        se1_0.is_free,
        se1_0.position,
        se1_0.vehicle_type 
    from
        spots se1_0 
    where
        se1_0.vehicle_type=? 
        and se1_0.is_free=true
]]></system-out>
  </testcase>
  <testcase name="testCreateTicketEndpoint" classname="dev.victormoraes.adapters.in.TicketControllerTest" time="0.164">
    <system-out><![CDATA[2024-02-29T12:25:55.330-03:00 DEBUG 597214 --- [parking-lot-app] [           main] org.hibernate.SQL                        : 
    select
        distinct se1_0.spot_id,
        se1_0.is_free,
        se1_0.position,
        se1_0.vehicle_type 
    from
        spots se1_0 
    where
        se1_0.vehicle_type=? 
        and se1_0.is_free=true
2024-02-29T12:25:55.358-03:00 DEBUG 597214 --- [parking-lot-app] [           main] org.hibernate.SQL                        : 
    select
        ve1_0.vehicle_id,
        ve1_0.dtype,
        ve1_0.code,
        ve1_0.color,
        ve1_0.model 
    from
        vehicles ve1_0 
    where
        ve1_0.code=?
2024-02-29T12:25:55.387-03:00 DEBUG 597214 --- [parking-lot-app] [           main] org.hibernate.SQL                        : 
    select
        ae1_0.user_id,
        ae1_0.first_name,
        ae1_0.last_name,
        ae1_0.username 
    from
        users ae1_0 
    where
        ae1_0.dtype='ANONYMOUS' 
        and ae1_0.user_id=?
2024-02-29T12:25:55.405-03:00 DEBUG 597214 --- [parking-lot-app] [           main] org.hibernate.SQL                        : 
    select
        next value for users_seq
2024-02-29T12:25:55.437-03:00 DEBUG 597214 --- [parking-lot-app] [           main] org.hibernate.SQL                        : 
    insert 
    into
        users
        (first_name, last_name, username, dtype, user_id) 
    values
        (?, ?, ?, 'ANONYMOUS', ?)
2024-02-29T12:25:55.443-03:00 DEBUG 597214 --- [parking-lot-app] [           main] org.hibernate.SQL                        : 
    select
        ve1_0.vehicle_id,
        ve1_0.dtype,
        ve1_0.code,
        ve1_0.color,
        ve1_0.model 
    from
        vehicles ve1_0 
    where
        ve1_0.code=?
2024-02-29T12:25:55.445-03:00 DEBUG 597214 --- [parking-lot-app] [           main] org.hibernate.SQL                        : 
    select
        ue1_0.user_id,
        ue1_0.dtype,
        ue1_0.first_name,
        ue1_0.last_name,
        ue1_0.username 
    from
        users ue1_0 
    where
        ue1_0.username=?
2024-02-29T12:25:55.450-03:00 DEBUG 597214 --- [parking-lot-app] [           main] org.hibernate.SQL                        : 
    select
        te1_0.ticket_id,
        te1_0.end_time,
        te1_0.start_time,
        u1_0.user_id,
        u1_0.dtype,
        u1_0.first_name,
        u1_0.last_name,
        u1_0.username,
        v1_0.vehicle_id,
        v1_0.dtype,
        v1_0.code,
        v1_0.color,
        v1_0.model 
    from
        tickets te1_0 
    left join
        users u1_0 
            on u1_0.user_id=te1_0.user_id 
    left join
        vehicles v1_0 
            on v1_0.vehicle_id=te1_0.vehicle_id 
    where
        te1_0.ticket_id=?
2024-02-29T12:25:55.456-03:00 DEBUG 597214 --- [parking-lot-app] [           main] org.hibernate.SQL                        : 
    insert 
    into
        tickets
        (end_time, start_time, user_id, vehicle_id, ticket_id) 
    values
        (?, ?, ?, ?, ?)
]]></system-out>
  </testcase>
</testsuite>